GL_LOG_FILE log. local time Tue Nov 18 13:06:14 2014

starting GLFW 3.0.4 Win32 WGL VisualC LoadLibrary(winmm)renderer: AMD Radeon HD 5700 Series
version: 4.3.12618 Compatibility Profile Context 13.251.0.0

GL Context Params:
GL_MAX_COMBINED_TEXTURE_IMAGE_UNITS = 32
GL_MAX_CUBE_MAP_TEXTURE_SIZE = 16384
GL_MAX_DRAW_BUFFERS = 8
GL_MAX_FRAGMENT_UNIFORM_COMPONENTS = 16384
GL_MAX_TEXTURE_IMAGE_UNITS = 16
GL_MAX_TEXTURE_SIZE = 16384
GL_MAX_VARYING_FLOATS = 128
GL_MAX_VERTEX_ATTRIBS = 29
GL_MAX_VERTEX_TEXTURE_IMAGE_UNITS = 16
GL_MAX_VERTEX_UNIFORM_COMPONENTS = 16384
GL_MAX_VIEWPORT_DIMS = 16384, 16384
GL_STEREO = 0
-----------------------------
shader info log for GL index 1:

shader info log for GL index 2:

program 3 GL_VALIDATE_STATUS = GL_TRUE
program info log for GL index 3:
Validation successful.
program info log for GL index 3:
Validation successful.
