Build started 15/01/2015 16:33:12.
     1>Project "C:\Users\greyna\workspace\TX-3D\TX-3D\TX-3D.vcxproj" on node 2 (Build target(s)).
     1>ClCompile:
         C:\Program Files (x86)\Microsoft Visual Studio 12.0\VC\bin\CL.exe /c /I"C:\opengl-wrappers\glew\include" /I"C:\opengl-wrappers\glfw\include" /IC:\OculusLibOVR\Include /IC:\OculusLibOVR\Src /Zi /nologo /W3 /WX- /O2 /Oi /Oy- /GL /D WIN32 /D _CONSOLE /D _LIB /D _UNICODE /D UNICODE /Gm- /EHsc /MD /GS /Gy- /fp:precise /Zc:wchar_t /Zc:forScope /Fo"Release\\" /Fd"Release\vc120.pdb" /Gd /TP /analyze- /errorReport:prompt main.cpp
         main.cpp
     1>c:\users\greyna\workspace\tx-3d\tx-3d\Mesh.h(4): warning C4067: unexpected tokens following preprocessor directive - expected a newline
     1>C:\Program Files (x86)\Windows Kits\8.1\Include\shared\minwindef.h(130): warning C4005: 'APIENTRY' : macro redefinition
                 C:\opengl-wrappers\glfw\include\GLFW/glfw3.h(92) : see previous definition of 'APIENTRY'
     1>c:\users\greyna\workspace\tx-3d\tx-3d\Light.h(3): warning C4067: unexpected tokens following preprocessor directive - expected a newline
     1>main.cpp(63): warning C4305: 'argument' : truncation from 'double' to 'float'
     1>main.cpp(66): warning C4305: 'argument' : truncation from 'double' to 'float'
     1>main.cpp(69): warning C4305: 'argument' : truncation from 'double' to 'float'
     1>main.cpp(72): warning C4305: 'argument' : truncation from 'double' to 'float'
     1>main.cpp(75): warning C4305: 'argument' : truncation from 'double' to 'float'
     1>main.cpp(79): warning C4305: 'argument' : truncation from 'double' to 'float'
     1>main.cpp(82): warning C4305: 'argument' : truncation from 'double' to 'float'
     1>main.cpp(85): warning C4305: 'argument' : truncation from 'double' to 'float'
     1>main.cpp(88): warning C4305: 'argument' : truncation from 'double' to 'float'
     1>main.cpp(135): warning C4244: 'argument' : conversion from 'double' to 'float', possible loss of data
     1>main.cpp(142): warning C4305: 'argument' : truncation from 'double' to 'float'
     1>main.cpp(225): warning C4305: 'argument' : truncation from 'double' to 'float'
     1>main.cpp(260): warning C4244: 'argument' : conversion from 'double' to 'float', possible loss of data
     1>main.cpp(266): warning C4244: 'argument' : conversion from 'double' to 'float', possible loss of data
     1>main.cpp(275): warning C4244: 'initializing' : conversion from 'double' to 'float', possible loss of data
       Link:
         C:\Program Files (x86)\Microsoft Visual Studio 12.0\VC\bin\link.exe /ERRORREPORT:PROMPT /OUT:"C:\Users\greyna\workspace\TX-3D\Release\TX-3D.exe" /INCREMENTAL:NO /NOLOGO /LIBPATH:"C:\opengl-wrappers\glew\lib" /LIBPATH:"C:\opengl-wrappers\glfw\lib-msvc120" /LIBPATH:C:\OculusLibOVR\Lib\Win32\VS2013 ws2_32.lib Dbghelp.lib winmm.lib opengl32.lib glu32.lib glew32.lib glfw3.lib libovr.lib kernel32.lib user32.lib gdi32.lib winspool.lib comdlg32.lib advapi32.lib shell32.lib ole32.lib oleaut32.lib uuid.lib odbc32.lib odbccp32.lib kernel32.lib user32.lib gdi32.lib winspool.lib comdlg32.lib advapi32.lib shell32.lib ole32.lib oleaut32.lib uuid.lib odbc32.lib odbccp32.lib kernel32.lib user32.lib gdi32.lib winspool.lib comdlg32.lib advapi32.lib shell32.lib ole32.lib oleaut32.lib uuid.lib odbc32.lib odbccp32.lib /MANIFEST /MANIFESTUAC:"level='asInvoker' uiAccess='false'" /manifest:embed /DEBUG /PDB:"C:\Users\greyna\workspace\TX-3D\Release\TX-3D.pdb" /SUBSYSTEM:CONSOLE /LTCG /TLBID:1 /DYNAMICBASE /NXCOMPAT /IMPLIB:"C:\Users\greyna\workspace\TX-3D\Release\TX-3D.lib" /MACHINE:X86 /SAFESEH Release\Camera.obj
         Release\CubeMap.obj
         Release\GE.obj
         Release\graphics.obj
         Release\Light.obj
         Release\main.obj
         Release\maths_funcs.obj
         Release\Mesh.obj
         Release\obj_parser.obj
         Release\Oculus.obj
         Release\Program.obj
         Release\Shader.obj
         Release\stb_image.obj
         Release\Texture.obj
         Release\Uniform.obj
         Generating code
         Finished generating code
         TX-3D.vcxproj -> C:\Users\greyna\workspace\TX-3D\Release\TX-3D.exe
     1>Done Building Project "C:\Users\greyna\workspace\TX-3D\TX-3D\TX-3D.vcxproj" (Build target(s)).

Build succeeded.

Time Elapsed 00:00:03.58
