La génération a démarré 17/11/2014 01:57:03.
     1>Projet "C:\Users\greyna\Documents\Visual Studio 2013\Projects\TX-3D\TX-3D\TX-3D.vcxproj" sur le nœud 2 (Build cible(s)).
     1>ClCompile:
         C:\Program Files (x86)\Microsoft Visual Studio 12.0\VC\bin\CL.exe /c /I"C:\opengl-wrappers\glew\include" /I"C:\opengl-wrappers\glfw\include" /ZI /nologo /W3 /WX- /Od /Oy- /D WIN32 /D _DEBUG /D _CONSOLE /D _LIB /D _UNICODE /D UNICODE /Gm /EHsc /RTC1 /MDd /GS /fp:precise /Zc:wchar_t /Zc:forScope /Fo"Debug\\" /Fd"Debug\vc120.pdb" /Gd /TP /analyze- /errorReport:prompt Camera.cpp
         Camera.cpp
     1>c:\users\greyna\documents\visual studio 2013\projects\tx-3d\tx-3d\camera.cpp(11): warning C4305: 'initialisation' : troncation de 'double' à 'float'
     1>c:\users\greyna\documents\visual studio 2013\projects\tx-3d\tx-3d\camera.cpp(67): warning C4244: '-=' : conversion de 'double' en 'float', perte possible de données
     1>c:\users\greyna\documents\visual studio 2013\projects\tx-3d\tx-3d\camera.cpp(71): warning C4244: '+=' : conversion de 'double' en 'float', perte possible de données
     1>c:\users\greyna\documents\visual studio 2013\projects\tx-3d\tx-3d\camera.cpp(75): warning C4244: '+=' : conversion de 'double' en 'float', perte possible de données
     1>c:\users\greyna\documents\visual studio 2013\projects\tx-3d\tx-3d\camera.cpp(79): warning C4244: '-=' : conversion de 'double' en 'float', perte possible de données
     1>c:\users\greyna\documents\visual studio 2013\projects\tx-3d\tx-3d\camera.cpp(83): warning C4244: '-=' : conversion de 'double' en 'float', perte possible de données
     1>c:\users\greyna\documents\visual studio 2013\projects\tx-3d\tx-3d\camera.cpp(87): warning C4244: '+=' : conversion de 'double' en 'float', perte possible de données
     1>c:\users\greyna\documents\visual studio 2013\projects\tx-3d\tx-3d\camera.cpp(91): warning C4244: '-=' : conversion de 'double' en 'float', perte possible de données
     1>c:\users\greyna\documents\visual studio 2013\projects\tx-3d\tx-3d\camera.cpp(100): warning C4244: '+=' : conversion de 'double' en 'float', perte possible de données
     1>c:\users\greyna\documents\visual studio 2013\projects\tx-3d\tx-3d\camera.cpp(107): warning C4244: '+=' : conversion de 'double' en 'float', perte possible de données
     1>c:\users\greyna\documents\visual studio 2013\projects\tx-3d\tx-3d\camera.cpp(114): warning C4244: '+=' : conversion de 'double' en 'float', perte possible de données
     1>c:\users\greyna\documents\visual studio 2013\projects\tx-3d\tx-3d\camera.cpp(121): warning C4244: '+=' : conversion de 'double' en 'float', perte possible de données
     1>c:\users\greyna\documents\visual studio 2013\projects\tx-3d\tx-3d\camera.cpp(128): warning C4244: '-=' : conversion de 'double' en 'float', perte possible de données
       Link:
         C:\Program Files (x86)\Microsoft Visual Studio 12.0\VC\bin\link.exe /ERRORREPORT:PROMPT /OUT:"C:\Users\greyna\Documents\Visual Studio 2013\Projects\TX-3D\Debug\TX-3D.exe" /INCREMENTAL /NOLOGO /LIBPATH:"C:\opengl-wrappers\glew\lib\Release\Win32" /LIBPATH:"C:\opengl-wrappers\glfw\lib-msvc120" opengl32.lib glu32.lib glew32.lib glfw3.lib kernel32.lib user32.lib gdi32.lib winspool.lib comdlg32.lib advapi32.lib shell32.lib ole32.lib oleaut32.lib uuid.lib odbc32.lib odbccp32.lib /MANIFEST /MANIFESTUAC:"level='asInvoker' uiAccess='false'" /manifest:embed /DEBUG /PDB:"C:\Users\greyna\Documents\Visual Studio 2013\Projects\TX-3D\Debug\TX-3D.pdb" /SUBSYSTEM:CONSOLE /TLBID:1 /DYNAMICBASE /NXCOMPAT /IMPLIB:"C:\Users\greyna\Documents\Visual Studio 2013\Projects\TX-3D\Debug\TX-3D.lib" /MACHINE:X86 Debug\Camera.obj
         Debug\GE.obj
         Debug\graphics.obj
         Debug\main.obj
         Debug\maths_funcs.obj
         Debug\Shader.obj
         Debug\shaders.obj
         TX-3D.vcxproj -> C:\Users\greyna\Documents\Visual Studio 2013\Projects\TX-3D\Debug\TX-3D.exe
     1>Génération du projet "C:\Users\greyna\Documents\Visual Studio 2013\Projects\TX-3D\TX-3D\TX-3D.vcxproj" terminée (Build cible(s)).

La génération a réussi.

Temps écoulé 00:00:00.84
