c:\users\greyna\documents\visual studio 2013\projects\tx-3d\tx-3d\debug\vc120.pdb
c:\users\greyna\documents\visual studio 2013\projects\tx-3d\tx-3d\debug\vc120.idb
c:\users\greyna\documents\visual studio 2013\projects\tx-3d\tx-3d\debug\camera.obj
c:\users\greyna\documents\visual studio 2013\projects\tx-3d\tx-3d\debug\ge.obj
c:\users\greyna\documents\visual studio 2013\projects\tx-3d\tx-3d\debug\graphics.obj
c:\users\greyna\documents\visual studio 2013\projects\tx-3d\tx-3d\debug\main.obj
c:\users\greyna\documents\visual studio 2013\projects\tx-3d\tx-3d\debug\maths_funcs.obj
c:\users\greyna\documents\visual studio 2013\projects\tx-3d\tx-3d\debug\obj_parser.obj
c:\users\greyna\documents\visual studio 2013\projects\tx-3d\tx-3d\debug\program.obj
c:\users\greyna\documents\visual studio 2013\projects\tx-3d\tx-3d\debug\shader.obj
c:\users\greyna\documents\visual studio 2013\projects\tx-3d\tx-3d\debug\uniform.obj
c:\users\greyna\documents\visual studio 2013\projects\tx-3d\debug\tx-3d.ilk
c:\users\greyna\documents\visual studio 2013\projects\tx-3d\debug\tx-3d.exe
c:\users\greyna\documents\visual studio 2013\projects\tx-3d\debug\tx-3d.pdb
c:\users\greyna\workspace\tx-3d\tx-3d\debug\camera.obj
c:\users\greyna\workspace\tx-3d\tx-3d\debug\ge.obj
c:\users\greyna\workspace\tx-3d\tx-3d\debug\graphics.obj
c:\users\greyna\workspace\tx-3d\tx-3d\debug\main.obj
c:\users\greyna\workspace\tx-3d\tx-3d\debug\maths_funcs.obj
c:\users\greyna\workspace\tx-3d\tx-3d\debug\obj_parser.obj
c:\users\greyna\workspace\tx-3d\tx-3d\debug\program.obj
c:\users\greyna\workspace\tx-3d\tx-3d\debug\shader.obj
c:\users\greyna\workspace\tx-3d\tx-3d\debug\uniform.obj
c:\users\greyna\workspace\tx-3d\tx-3d\debug\vc120.idb
c:\users\greyna\workspace\tx-3d\tx-3d\debug\vc120.pdb
c:\users\greyna\workspace\tx-3d\debug\tx-3d.pdb
c:\users\greyna\workspace\tx-3d\debug\tx-3d.exe
c:\users\greyna\workspace\tx-3d\debug\tx-3d.ilk
c:\users\greyna\workspace\tx-3d\tx-3d\debug\tx-3d.tlog\cl.command.1.tlog
c:\users\greyna\workspace\tx-3d\tx-3d\debug\tx-3d.tlog\cl.read.1.tlog
c:\users\greyna\workspace\tx-3d\tx-3d\debug\tx-3d.tlog\cl.write.1.tlog
c:\users\greyna\workspace\tx-3d\tx-3d\debug\tx-3d.tlog\link.command.1.tlog
c:\users\greyna\workspace\tx-3d\tx-3d\debug\tx-3d.tlog\link.read.1.tlog
c:\users\greyna\workspace\tx-3d\tx-3d\debug\tx-3d.tlog\link.write.1.tlog
